e:\job\project\repo1\grpc\examples\cpp\helloworld\bin\debug\grpc_plugin_support.pdb
e:\job\project\repo1\grpc\examples\cpp\helloworld\bin\grpc\grpc_plugin_support.dir\debug\ruby_generator.obj
e:\job\project\repo1\grpc\examples\cpp\helloworld\bin\grpc\grpc_plugin_support.dir\debug\python_generator.obj
e:\job\project\repo1\grpc\examples\cpp\helloworld\bin\grpc\grpc_plugin_support.dir\debug\php_generator.obj
e:\job\project\repo1\grpc\examples\cpp\helloworld\bin\grpc\grpc_plugin_support.dir\debug\objective_c_generator.obj
e:\job\project\repo1\grpc\examples\cpp\helloworld\bin\grpc\grpc_plugin_support.dir\debug\node_generator.obj
e:\job\project\repo1\grpc\examples\cpp\helloworld\bin\grpc\grpc_plugin_support.dir\debug\csharp_generator.obj
e:\job\project\repo1\grpc\examples\cpp\helloworld\bin\grpc\grpc_plugin_support.dir\debug\cpp_generator.obj
e:\job\project\repo1\grpc\examples\cpp\helloworld\bin\grpc\cmakefiles\generate.stamp
e:\job\project\repo1\grpc\examples\cpp\helloworld\bin\grpc\grpc_plugin_support.dir\debug\vcpkg.applocal.log
e:\job\project\repo1\grpc\examples\cpp\helloworld\bin\grpc\debug\grpc_plugin_support.lib
e:\job\project\repo1\grpc\examples\cpp\helloworld\bin\grpc\grpc_plugin_support.dir\debug\grpc_plu.865b0613.tlog\cl.command.1.tlog
e:\job\project\repo1\grpc\examples\cpp\helloworld\bin\grpc\grpc_plugin_support.dir\debug\grpc_plu.865b0613.tlog\cl.read.1.tlog
e:\job\project\repo1\grpc\examples\cpp\helloworld\bin\grpc\grpc_plugin_support.dir\debug\grpc_plu.865b0613.tlog\cl.write.1.tlog
e:\job\project\repo1\grpc\examples\cpp\helloworld\bin\grpc\grpc_plugin_support.dir\debug\grpc_plu.865b0613.tlog\custombuild.command.1.tlog
e:\job\project\repo1\grpc\examples\cpp\helloworld\bin\grpc\grpc_plugin_support.dir\debug\grpc_plu.865b0613.tlog\custombuild.read.1.tlog
e:\job\project\repo1\grpc\examples\cpp\helloworld\bin\grpc\grpc_plugin_support.dir\debug\grpc_plu.865b0613.tlog\custombuild.write.1.tlog
e:\job\project\repo1\grpc\examples\cpp\helloworld\bin\grpc\grpc_plugin_support.dir\debug\grpc_plu.865b0613.tlog\grpc_plugin_support.write.1u.tlog
e:\job\project\repo1\grpc\examples\cpp\helloworld\bin\grpc\grpc_plugin_support.dir\debug\grpc_plu.865b0613.tlog\lib-link.write.1.tlog
e:\job\project\repo1\grpc\examples\cpp\helloworld\bin\grpc\grpc_plugin_support.dir\debug\grpc_plu.865b0613.tlog\lib.command.1.tlog
e:\job\project\repo1\grpc\examples\cpp\helloworld\bin\grpc\grpc_plugin_support.dir\debug\grpc_plu.865b0613.tlog\lib.read.1.tlog
