e:\job\project\repo\grpc\examples\cpp\helloworld\build\cmakefiles\generate.stamp
e:\job\project\repo\grpc\examples\cpp\helloworld\build\grpc\cmakefiles\generate.stamp
e:\job\project\repo\grpc\examples\cpp\helloworld\build\grpc\third_party\abseil-cpp\cmakefiles\generate.stamp
e:\job\project\repo\grpc\examples\cpp\helloworld\build\grpc\third_party\abseil-cpp\absl\cmakefiles\generate.stamp
e:\job\project\repo\grpc\examples\cpp\helloworld\build\grpc\third_party\abseil-cpp\absl\base\cmakefiles\generate.stamp
e:\job\project\repo\grpc\examples\cpp\helloworld\build\grpc\third_party\abseil-cpp\absl\algorithm\cmakefiles\generate.stamp
e:\job\project\repo\grpc\examples\cpp\helloworld\build\grpc\third_party\abseil-cpp\absl\container\cmakefiles\generate.stamp
e:\job\project\repo\grpc\examples\cpp\helloworld\build\grpc\third_party\abseil-cpp\absl\debugging\cmakefiles\generate.stamp
e:\job\project\repo\grpc\examples\cpp\helloworld\build\grpc\third_party\abseil-cpp\absl\flags\cmakefiles\generate.stamp
e:\job\project\repo\grpc\examples\cpp\helloworld\build\grpc\third_party\abseil-cpp\absl\functional\cmakefiles\generate.stamp
e:\job\project\repo\grpc\examples\cpp\helloworld\build\grpc\third_party\abseil-cpp\absl\hash\cmakefiles\generate.stamp
e:\job\project\repo\grpc\examples\cpp\helloworld\build\grpc\third_party\abseil-cpp\absl\memory\cmakefiles\generate.stamp
e:\job\project\repo\grpc\examples\cpp\helloworld\build\grpc\third_party\abseil-cpp\absl\meta\cmakefiles\generate.stamp
e:\job\project\repo\grpc\examples\cpp\helloworld\build\grpc\third_party\abseil-cpp\absl\numeric\cmakefiles\generate.stamp
e:\job\project\repo\grpc\examples\cpp\helloworld\build\grpc\third_party\abseil-cpp\absl\random\cmakefiles\generate.stamp
e:\job\project\repo\grpc\examples\cpp\helloworld\build\grpc\third_party\abseil-cpp\absl\status\cmakefiles\generate.stamp
e:\job\project\repo\grpc\examples\cpp\helloworld\build\grpc\third_party\abseil-cpp\absl\strings\cmakefiles\generate.stamp
e:\job\project\repo\grpc\examples\cpp\helloworld\build\grpc\third_party\abseil-cpp\absl\synchronization\cmakefiles\generate.stamp
e:\job\project\repo\grpc\examples\cpp\helloworld\build\grpc\third_party\abseil-cpp\absl\time\cmakefiles\generate.stamp
e:\job\project\repo\grpc\examples\cpp\helloworld\build\grpc\third_party\abseil-cpp\absl\types\cmakefiles\generate.stamp
e:\job\project\repo\grpc\examples\cpp\helloworld\build\grpc\third_party\abseil-cpp\absl\utility\cmakefiles\generate.stamp
e:\job\project\repo\grpc\examples\cpp\helloworld\build\grpc\third_party\cares\cares\cmakefiles\generate.stamp
e:\job\project\repo\grpc\examples\cpp\helloworld\build\grpc\third_party\protobuf\cmakefiles\generate.stamp
e:\job\project\repo\grpc\examples\cpp\helloworld\build\grpc\third_party\boringssl-with-bazel\cmakefiles\generate.stamp
e:\job\project\repo\grpc\examples\cpp\helloworld\build\grpc\third_party\zlib\cmakefiles\generate.stamp
e:\job\project\repo\grpc\examples\cpp\helloworld\build\x64\debug\zero_check\zero_check.tlog\custombuild.command.1.tlog
e:\job\project\repo\grpc\examples\cpp\helloworld\build\x64\debug\zero_check\zero_check.tlog\custombuild.read.1.tlog
e:\job\project\repo\grpc\examples\cpp\helloworld\build\x64\debug\zero_check\zero_check.tlog\custombuild.write.1.tlog
