e:\job\project\repo\grpc\examples\cpp\helloworld\build\greeter_server.dir\debug\vc142.pdb
e:\job\project\repo\grpc\examples\cpp\helloworld\build\greeter_server.dir\debug\helloworld.grpc.pb.obj
e:\job\project\repo\grpc\examples\cpp\helloworld\build\greeter_server.dir\debug\helloworld.pb.obj
e:\job\project\repo\grpc\examples\cpp\helloworld\build\greeter_server.dir\debug\greeter_server.obj
e:\job\project\repo\grpc\examples\cpp\helloworld\build\helloworld.pb.cc
e:\job\project\repo\grpc\examples\cpp\helloworld\build\helloworld.pb.h
e:\job\project\repo\grpc\examples\cpp\helloworld\build\helloworld.grpc.pb.cc
e:\job\project\repo\grpc\examples\cpp\helloworld\build\helloworld.grpc.pb.h
e:\job\project\repo\grpc\examples\cpp\helloworld\build\cmakefiles\generate.stamp
e:\job\project\repo\grpc\examples\cpp\helloworld\build\greeter_server.dir\debug\vcpkg.applocal.log
e:\job\project\repo\grpc\examples\cpp\helloworld\build\debug\greeter_server.exe
e:\job\project\repo\grpc\examples\cpp\helloworld\build\debug\greeter_server.ilk
e:\job\project\repo\grpc\examples\cpp\helloworld\build\debug\greeter_server.pdb
e:\job\project\repo\grpc\examples\cpp\helloworld\build\greeter_server.dir\debug\greeter_server.tlog\cl.command.1.tlog
e:\job\project\repo\grpc\examples\cpp\helloworld\build\greeter_server.dir\debug\greeter_server.tlog\cl.read.1.tlog
e:\job\project\repo\grpc\examples\cpp\helloworld\build\greeter_server.dir\debug\greeter_server.tlog\cl.write.1.tlog
e:\job\project\repo\grpc\examples\cpp\helloworld\build\greeter_server.dir\debug\greeter_server.tlog\custombuild.command.1.tlog
e:\job\project\repo\grpc\examples\cpp\helloworld\build\greeter_server.dir\debug\greeter_server.tlog\custombuild.read.1.tlog
e:\job\project\repo\grpc\examples\cpp\helloworld\build\greeter_server.dir\debug\greeter_server.tlog\custombuild.write.1.tlog
e:\job\project\repo\grpc\examples\cpp\helloworld\build\greeter_server.dir\debug\greeter_server.tlog\greeter_server.write.1u.tlog
e:\job\project\repo\grpc\examples\cpp\helloworld\build\greeter_server.dir\debug\greeter_server.tlog\link.command.1.tlog
e:\job\project\repo\grpc\examples\cpp\helloworld\build\greeter_server.dir\debug\greeter_server.tlog\link.read.1.tlog
e:\job\project\repo\grpc\examples\cpp\helloworld\build\greeter_server.dir\debug\greeter_server.tlog\link.write.1.tlog
