e:\job\project\repo\grpc\examples\cpp\helloworld\build\debug\grpc++.pdb
e:\job\project\repo\grpc\examples\cpp\helloworld\build\grpc\grpc++.dir\debug\channel_filter.obj
e:\job\project\repo\grpc\examples\cpp\helloworld\build\grpc\grpc++.dir\debug\channel_arguments.obj
e:\job\project\repo\grpc\examples\cpp\helloworld\build\grpc\grpc++.dir\debug\alarm.obj
e:\job\project\repo\grpc\examples\cpp\helloworld\build\grpc\grpc++.dir\debug\credentials_cc.obj
e:\job\project\repo\grpc\examples\cpp\helloworld\build\grpc\grpc++.dir\debug\create_channel_posix.obj
e:\job\project\repo\grpc\examples\cpp\helloworld\build\grpc\grpc++.dir\debug\create_channel_internal.obj
e:\job\project\repo\grpc\examples\cpp\helloworld\build\grpc\grpc++.dir\debug\create_channel.obj
e:\job\project\repo\grpc\examples\cpp\helloworld\build\grpc\grpc++.dir\debug\client_interceptor.obj
e:\job\project\repo\grpc\examples\cpp\helloworld\build\grpc\grpc++.dir\debug\client_context.obj
e:\job\project\repo\grpc\examples\cpp\helloworld\build\grpc\grpc++.dir\debug\channel_cc.obj
e:\job\project\repo\grpc\examples\cpp\helloworld\build\grpc\grpc++.dir\debug\secure_server_credentials.obj
e:\job\project\repo\grpc\examples\cpp\helloworld\build\grpc\grpc++.dir\debug\insecure_server_credentials.obj
e:\job\project\repo\grpc\examples\cpp\helloworld\build\grpc\grpc++.dir\debug\tls_credentials_options_util.obj
e:\job\project\repo\grpc\examples\cpp\helloworld\build\grpc\grpc++.dir\debug\tls_credentials_options.obj
e:\job\project\repo\grpc\examples\cpp\helloworld\build\grpc\grpc++.dir\debug\secure_create_auth_context.obj
e:\job\project\repo\grpc\examples\cpp\helloworld\build\grpc\grpc++.dir\debug\secure_channel_arguments.obj
e:\job\project\repo\grpc\examples\cpp\helloworld\build\grpc\grpc++.dir\debug\secure_auth_context.obj
e:\job\project\repo\grpc\examples\cpp\helloworld\build\grpc\grpc++.dir\debug\auth_property_iterator.obj
e:\job\project\repo\grpc\examples\cpp\helloworld\build\grpc\grpc++.dir\debug\secure_credentials.obj
e:\job\project\repo\grpc\examples\cpp\helloworld\build\grpc\grpc++.dir\debug\insecure_credentials.obj
e:\job\project\repo\grpc\examples\cpp\helloworld\build\grpc\grpc++.dir\debug\server_posix.obj
e:\job\project\repo\grpc\examples\cpp\helloworld\build\grpc\grpc++.dir\debug\server_credentials.obj
e:\job\project\repo\grpc\examples\cpp\helloworld\build\grpc\grpc++.dir\debug\server_context.obj
e:\job\project\repo\grpc\examples\cpp\helloworld\build\grpc\grpc++.dir\debug\server_cc.obj
e:\job\project\repo\grpc\examples\cpp\helloworld\build\grpc\grpc++.dir\debug\server_callback.obj
e:\job\project\repo\grpc\examples\cpp\helloworld\build\grpc\grpc++.dir\debug\server_builder.obj
e:\job\project\repo\grpc\examples\cpp\helloworld\build\grpc\grpc++.dir\debug\health_check_service_server_builder_option.obj
e:\job\project\repo\grpc\examples\cpp\helloworld\build\grpc\grpc++.dir\debug\health_check_service.obj
e:\job\project\repo\grpc\examples\cpp\helloworld\build\grpc\grpc++.dir\debug\default_health_check_service.obj
e:\job\project\repo\grpc\examples\cpp\helloworld\build\grpc\grpc++.dir\debug\external_connection_acceptor_impl.obj
e:\job\project\repo\grpc\examples\cpp\helloworld\build\grpc\grpc++.dir\debug\dynamic_thread_pool.obj
e:\job\project\repo\grpc\examples\cpp\helloworld\build\grpc\grpc++.dir\debug\create_default_thread_pool.obj
e:\job\project\repo\grpc\examples\cpp\helloworld\build\grpc\grpc++.dir\debug\channel_argument_option.obj
e:\job\project\repo\grpc\examples\cpp\helloworld\build\grpc\grpc++.dir\debug\async_generic_service.obj
e:\job\project\repo\grpc\examples\cpp\helloworld\build\grpc\grpc++.dir\debug\version_cc.obj
e:\job\project\repo\grpc\examples\cpp\helloworld\build\grpc\grpc++.dir\debug\validate_service_config.obj
e:\job\project\repo\grpc\examples\cpp\helloworld\build\grpc\grpc++.dir\debug\rpc_method.obj
e:\job\project\repo\grpc\examples\cpp\helloworld\build\grpc\grpc++.dir\debug\resource_quota_cc.obj
e:\job\project\repo\grpc\examples\cpp\helloworld\build\grpc\grpc++.dir\debug\core_codegen.obj
e:\job\project\repo\grpc\examples\cpp\helloworld\build\grpc\grpc++.dir\debug\completion_queue_cc.obj
e:\job\project\repo\grpc\examples\cpp\helloworld\build\grpc\grpc++.dir\debug\codegen_init.obj
e:\job\project\repo\grpc\examples\cpp\helloworld\build\grpc\grpc++.dir\debug\time_cc.obj
e:\job\project\repo\grpc\examples\cpp\helloworld\build\grpc\grpc++.dir\debug\string_ref.obj
e:\job\project\repo\grpc\examples\cpp\helloworld\build\grpc\grpc++.dir\debug\status.obj
e:\job\project\repo\grpc\examples\cpp\helloworld\build\grpc\grpc++.dir\debug\byte_buffer_cc.obj
e:\job\project\repo\grpc\examples\cpp\helloworld\build\grpc\grpc++.dir\debug\thread_manager.obj
e:\job\project\repo\grpc\examples\cpp\helloworld\build\grpc\grpc++.dir\debug\health.upb.obj
e:\job\project\repo\grpc\examples\cpp\helloworld\build\grpc\cmakefiles\generate.stamp
e:\job\project\repo\grpc\examples\cpp\helloworld\build\grpc\grpc++.dir\debug\vcpkg.applocal.log
e:\job\project\repo\grpc\examples\cpp\helloworld\build\grpc\debug\grpc++.lib
e:\job\project\repo\grpc\examples\cpp\helloworld\build\grpc\grpc++.dir\debug\grpc++.tlog\cl.command.1.tlog
e:\job\project\repo\grpc\examples\cpp\helloworld\build\grpc\grpc++.dir\debug\grpc++.tlog\cl.read.1.tlog
e:\job\project\repo\grpc\examples\cpp\helloworld\build\grpc\grpc++.dir\debug\grpc++.tlog\cl.write.1.tlog
e:\job\project\repo\grpc\examples\cpp\helloworld\build\grpc\grpc++.dir\debug\grpc++.tlog\custombuild.command.1.tlog
e:\job\project\repo\grpc\examples\cpp\helloworld\build\grpc\grpc++.dir\debug\grpc++.tlog\custombuild.read.1.tlog
e:\job\project\repo\grpc\examples\cpp\helloworld\build\grpc\grpc++.dir\debug\grpc++.tlog\custombuild.write.1.tlog
e:\job\project\repo\grpc\examples\cpp\helloworld\build\grpc\grpc++.dir\debug\grpc++.tlog\grpc++.write.1u.tlog
e:\job\project\repo\grpc\examples\cpp\helloworld\build\grpc\grpc++.dir\debug\grpc++.tlog\lib-link.write.1.tlog
e:\job\project\repo\grpc\examples\cpp\helloworld\build\grpc\grpc++.dir\debug\grpc++.tlog\lib.command.1.tlog
e:\job\project\repo\grpc\examples\cpp\helloworld\build\grpc\grpc++.dir\debug\grpc++.tlog\lib.read.1.tlog
