e:\job\project\repo\grpc\examples\cpp\helloworld\build\debug\grpc.pdb
e:\job\project\repo\grpc\examples\cpp\helloworld\build\grpc\grpc.dir\debug\stream_compression_identity.obj
e:\job\project\repo\grpc\examples\cpp\helloworld\build\grpc\grpc.dir\debug\stream_compression_gzip.obj
e:\job\project\repo\grpc\examples\cpp\helloworld\build\grpc\grpc.dir\debug\stream_compression.obj
e:\job\project\repo\grpc\examples\cpp\helloworld\build\grpc\grpc.dir\debug\message_compress.obj
e:\job\project\repo\grpc\examples\cpp\helloworld\build\grpc\grpc.dir\debug\compression_internal.obj
e:\job\project\repo\grpc\examples\cpp\helloworld\build\grpc\grpc.dir\debug\compression_args.obj
e:\job\project\repo\grpc\examples\cpp\helloworld\build\grpc\grpc.dir\debug\compression.obj
e:\job\project\repo\grpc\examples\cpp\helloworld\build\grpc\grpc.dir\debug\status_util.obj
e:\job\project\repo\grpc\examples\cpp\helloworld\build\grpc\grpc.dir\debug\handshaker_registry.obj
e:\job\project\repo\grpc\examples\cpp\helloworld\build\grpc\grpc.dir\debug\handshaker.obj
e:\job\project\repo\grpc\examples\cpp\helloworld\build\grpc\grpc.dir\debug\connected_channel.obj
e:\job\project\repo\grpc\examples\cpp\helloworld\build\grpc\grpc.dir\debug\channelz_registry.obj
e:\job\project\repo\grpc\examples\cpp\helloworld\build\grpc\grpc.dir\debug\channelz.obj
e:\job\project\repo\grpc\examples\cpp\helloworld\build\grpc\grpc.dir\debug\channel_trace.obj
e:\job\project\repo\grpc\examples\cpp\helloworld\build\grpc\grpc.dir\debug\channel_stack_builder.obj
e:\job\project\repo\grpc\examples\cpp\helloworld\build\grpc\grpc.dir\debug\channel_stack.obj
e:\job\project\repo\grpc\examples\cpp\helloworld\build\grpc\grpc.dir\debug\channel_args.obj
e:\job\project\repo\grpc\examples\cpp\helloworld\build\grpc\grpc.dir\debug\backoff.obj
e:\job\project\repo\grpc\examples\cpp\helloworld\build\grpc\grpc.dir\debug\avl.obj
e:\job\project\repo\grpc\examples\cpp\helloworld\build\grpc\grpc.dir\debug\init.obj
e:\job\project\repo\grpc\examples\cpp\helloworld\build\grpc\grpc.dir\debug\ev_posix.obj
e:\job\project\repo\grpc\examples\cpp\helloworld\build\grpc\grpc.dir\debug\ev_poll_posix.obj
e:\job\project\repo\grpc\examples\cpp\helloworld\build\grpc\grpc.dir\debug\ev_epollex_linux.obj
e:\job\project\repo\grpc\examples\cpp\helloworld\build\grpc\grpc.dir\debug\ev_epoll1_linux.obj
e:\job\project\repo\grpc\examples\cpp\helloworld\build\grpc\grpc.dir\debug\error_cfstream.obj
e:\job\project\repo\grpc\examples\cpp\helloworld\build\grpc\grpc.dir\debug\error.obj
e:\job\project\repo\grpc\examples\cpp\helloworld\build\grpc\grpc.dir\debug\endpoint_pair_windows.obj
e:\job\project\repo\grpc\examples\cpp\helloworld\build\grpc\grpc.dir\debug\endpoint_pair_uv.obj
e:\job\project\repo\grpc\examples\cpp\helloworld\build\grpc\grpc.dir\debug\endpoint_pair_posix.obj
e:\job\project\repo\grpc\examples\cpp\helloworld\build\grpc\grpc.dir\debug\endpoint_cfstream.obj
e:\job\project\repo\grpc\examples\cpp\helloworld\build\grpc\grpc.dir\debug\endpoint.obj
e:\job\project\repo\grpc\examples\cpp\helloworld\build\grpc\grpc.dir\debug\combiner.obj
e:\job\project\repo\grpc\examples\cpp\helloworld\build\grpc\grpc.dir\debug\cfstream_handle.obj
e:\job\project\repo\grpc\examples\cpp\helloworld\build\grpc\grpc.dir\debug\call_combiner.obj
e:\job\project\repo\grpc\examples\cpp\helloworld\build\grpc\grpc.dir\debug\buffer_list.obj
e:\job\project\repo\grpc\examples\cpp\helloworld\build\grpc\grpc.dir\debug\parser.obj
e:\job\project\repo\grpc\examples\cpp\helloworld\build\grpc\grpc.dir\debug\httpcli.obj
e:\job\project\repo\grpc\examples\cpp\helloworld\build\grpc\grpc.dir\debug\format_request.obj
e:\job\project\repo\grpc\examples\cpp\helloworld\build\grpc\grpc.dir\debug\stats_data.obj
e:\job\project\repo\grpc\examples\cpp\helloworld\build\grpc\grpc.dir\debug\stats.obj
e:\job\project\repo\grpc\examples\cpp\helloworld\build\grpc\grpc.dir\debug\iomgr_uv.obj
e:\job\project\repo\grpc\examples\cpp\helloworld\build\grpc\grpc.dir\debug\iomgr_posix_cfstream.obj
e:\job\project\repo\grpc\examples\cpp\helloworld\build\grpc\grpc.dir\debug\iomgr_posix.obj
e:\job\project\repo\grpc\examples\cpp\helloworld\build\grpc\grpc.dir\debug\iomgr_internal.obj
e:\job\project\repo\grpc\examples\cpp\helloworld\build\grpc\grpc.dir\debug\iomgr_custom.obj
e:\job\project\repo\grpc\examples\cpp\helloworld\build\grpc\grpc.dir\debug\iomgr.obj
e:\job\project\repo\grpc\examples\cpp\helloworld\build\grpc\grpc.dir\debug\iocp_windows.obj
e:\job\project\repo\grpc\examples\cpp\helloworld\build\grpc\grpc.dir\debug\internal_errqueue.obj
e:\job\project\repo\grpc\examples\cpp\helloworld\build\grpc\grpc.dir\debug\grpc_if_nametoindex_unsupported.obj
e:\job\project\repo\grpc\examples\cpp\helloworld\build\grpc\grpc.dir\debug\grpc_if_nametoindex_posix.obj
e:\job\project\repo\grpc\examples\cpp\helloworld\build\grpc\grpc.dir\debug\gethostname_sysconf.obj
e:\job\project\repo\grpc\examples\cpp\helloworld\build\grpc\grpc.dir\debug\gethostname_host_name_max.obj
e:\job\project\repo\grpc\examples\cpp\helloworld\build\grpc\grpc.dir\debug\gethostname_fallback.obj
e:\job\project\repo\grpc\examples\cpp\helloworld\build\grpc\grpc.dir\debug\fork_windows.obj
e:\job\project\repo\grpc\examples\cpp\helloworld\build\grpc\grpc.dir\debug\fork_posix.obj
e:\job\project\repo\grpc\examples\cpp\helloworld\build\grpc\grpc.dir\debug\threadpool.obj
e:\job\project\repo\grpc\examples\cpp\helloworld\build\grpc\grpc.dir\debug\mpmcqueue.obj
e:\job\project\repo\grpc\examples\cpp\helloworld\build\grpc\grpc.dir\debug\executor.obj
e:\job\project\repo\grpc\examples\cpp\helloworld\build\grpc\grpc.dir\debug\exec_ctx.obj
e:\job\project\repo\grpc\examples\cpp\helloworld\build\grpc\grpc.dir\debug\ev_windows.obj
e:\job\project\repo\grpc\examples\cpp\helloworld\build\grpc\grpc.dir\debug\socket_factory_posix.obj
e:\job\project\repo\grpc\examples\cpp\helloworld\build\grpc\grpc.dir\debug\sockaddr_utils.obj
e:\job\project\repo\grpc\examples\cpp\helloworld\build\grpc\grpc.dir\debug\resource_quota.obj
e:\job\project\repo\grpc\examples\cpp\helloworld\build\grpc\grpc.dir\debug\resolve_address_windows.obj
e:\job\project\repo\grpc\examples\cpp\helloworld\build\grpc\grpc.dir\debug\resolve_address_posix.obj
e:\job\project\repo\grpc\examples\cpp\helloworld\build\grpc\grpc.dir\debug\resolve_address_custom.obj
e:\job\project\repo\grpc\examples\cpp\helloworld\build\grpc\grpc.dir\debug\resolve_address.obj
e:\job\project\repo\grpc\examples\cpp\helloworld\build\grpc\grpc.dir\debug\pollset_windows.obj
e:\job\project\repo\grpc\examples\cpp\helloworld\build\grpc\grpc.dir\debug\pollset_uv.obj
e:\job\project\repo\grpc\examples\cpp\helloworld\build\grpc\grpc.dir\debug\pollset_set_windows.obj
e:\job\project\repo\grpc\examples\cpp\helloworld\build\grpc\grpc.dir\debug\pollset_set_custom.obj
e:\job\project\repo\grpc\examples\cpp\helloworld\build\grpc\grpc.dir\debug\pollset_set.obj
e:\job\project\repo\grpc\examples\cpp\helloworld\build\grpc\grpc.dir\debug\pollset_custom.obj
e:\job\project\repo\grpc\examples\cpp\helloworld\build\grpc\grpc.dir\debug\pollset.obj
e:\job\project\repo\grpc\examples\cpp\helloworld\build\grpc\grpc.dir\debug\polling_entity.obj
e:\job\project\repo\grpc\examples\cpp\helloworld\build\grpc\grpc.dir\debug\eventmanager_libuv.obj
e:\job\project\repo\grpc\examples\cpp\helloworld\build\grpc\grpc.dir\debug\lockfree_event.obj
e:\job\project\repo\grpc\examples\cpp\helloworld\build\grpc\grpc.dir\debug\load_file.obj
e:\job\project\repo\grpc\examples\cpp\helloworld\build\grpc\grpc.dir\debug\is_epollexclusive_available.obj
e:\job\project\repo\grpc\examples\cpp\helloworld\build\grpc\grpc.dir\debug\iomgr_windows.obj
e:\job\project\repo\grpc\examples\cpp\helloworld\build\grpc\grpc.dir\debug\tcp_server_utils_posix_noifaddrs.obj
e:\job\project\repo\grpc\examples\cpp\helloworld\build\grpc\grpc.dir\debug\tcp_server_utils_posix_ifaddrs.obj
e:\job\project\repo\grpc\examples\cpp\helloworld\build\grpc\grpc.dir\debug\tcp_server_utils_posix_common.obj
e:\job\project\repo\grpc\examples\cpp\helloworld\build\grpc\grpc.dir\debug\tcp_server_posix.obj
e:\job\project\repo\grpc\examples\cpp\helloworld\build\grpc\grpc.dir\debug\tcp_server_custom.obj
e:\job\project\repo\grpc\examples\cpp\helloworld\build\grpc\grpc.dir\debug\tcp_server.obj
e:\job\project\repo\grpc\examples\cpp\helloworld\build\grpc\grpc.dir\debug\tcp_posix.obj
e:\job\project\repo\grpc\examples\cpp\helloworld\build\grpc\grpc.dir\debug\tcp_custom.obj
e:\job\project\repo\grpc\examples\cpp\helloworld\build\grpc\grpc.dir\debug\tcp_client_windows.obj
e:\job\project\repo\grpc\examples\cpp\helloworld\build\grpc\grpc.dir\debug\tcp_client_posix.obj
e:\job\project\repo\grpc\examples\cpp\helloworld\build\grpc\grpc.dir\debug\tcp_client_custom.obj
e:\job\project\repo\grpc\examples\cpp\helloworld\build\grpc\grpc.dir\debug\tcp_client_cfstream.obj
e:\job\project\repo\grpc\examples\cpp\helloworld\build\grpc\grpc.dir\debug\tcp_client.obj
e:\job\project\repo\grpc\examples\cpp\helloworld\build\grpc\grpc.dir\debug\socket_windows.obj
e:\job\project\repo\grpc\examples\cpp\helloworld\build\grpc\grpc.dir\debug\socket_utils_windows.obj
e:\job\project\repo\grpc\examples\cpp\helloworld\build\grpc\grpc.dir\debug\socket_utils_uv.obj
e:\job\project\repo\grpc\examples\cpp\helloworld\build\grpc\grpc.dir\debug\socket_utils_posix.obj
e:\job\project\repo\grpc\examples\cpp\helloworld\build\grpc\grpc.dir\debug\socket_utils_linux.obj
e:\job\project\repo\grpc\examples\cpp\helloworld\build\grpc\grpc.dir\debug\socket_utils_common_posix.obj
e:\job\project\repo\grpc\examples\cpp\helloworld\build\grpc\grpc.dir\debug\socket_mutator.obj
e:\job\project\repo\grpc\examples\cpp\helloworld\build\grpc\grpc.dir\debug\json_reader.obj
e:\job\project\repo\grpc\examples\cpp\helloworld\build\grpc\grpc.dir\debug\work_serializer.obj
e:\job\project\repo\grpc\examples\cpp\helloworld\build\grpc\grpc.dir\debug\wakeup_fd_posix.obj
e:\job\project\repo\grpc\examples\cpp\helloworld\build\grpc\grpc.dir\debug\wakeup_fd_pipe.obj
e:\job\project\repo\grpc\examples\cpp\helloworld\build\grpc\grpc.dir\debug\wakeup_fd_nospecial.obj
e:\job\project\repo\grpc\examples\cpp\helloworld\build\grpc\grpc.dir\debug\wakeup_fd_eventfd.obj
e:\job\project\repo\grpc\examples\cpp\helloworld\build\grpc\grpc.dir\debug\windows_sockets_win.obj
e:\job\project\repo\grpc\examples\cpp\helloworld\build\grpc\grpc.dir\debug\unix_sockets_posix_noop.obj
e:\job\project\repo\grpc\examples\cpp\helloworld\build\grpc\grpc.dir\debug\unix_sockets_posix.obj
e:\job\project\repo\grpc\examples\cpp\helloworld\build\grpc\grpc.dir\debug\udp_server.obj
e:\job\project\repo\grpc\examples\cpp\helloworld\build\grpc\grpc.dir\debug\timer_uv.obj
e:\job\project\repo\grpc\examples\cpp\helloworld\build\grpc\grpc.dir\debug\timer_manager.obj
e:\job\project\repo\grpc\examples\cpp\helloworld\build\grpc\grpc.dir\debug\timer_heap.obj
e:\job\project\repo\grpc\examples\cpp\helloworld\build\grpc\grpc.dir\debug\timer_generic.obj
e:\job\project\repo\grpc\examples\cpp\helloworld\build\grpc\grpc.dir\debug\timer_custom.obj
e:\job\project\repo\grpc\examples\cpp\helloworld\build\grpc\grpc.dir\debug\timer.obj
e:\job\project\repo\grpc\examples\cpp\helloworld\build\grpc\grpc.dir\debug\time_averaged_stats.obj
e:\job\project\repo\grpc\examples\cpp\helloworld\build\grpc\grpc.dir\debug\tcp_windows.obj
e:\job\project\repo\grpc\examples\cpp\helloworld\build\grpc\grpc.dir\debug\tcp_uv.obj
e:\job\project\repo\grpc\examples\cpp\helloworld\build\grpc\grpc.dir\debug\tcp_server_windows.obj
e:\job\project\repo\grpc\examples\cpp\helloworld\build\grpc\grpc.dir\debug\event_string.obj
e:\job\project\repo\grpc\examples\cpp\helloworld\build\grpc\grpc.dir\debug\completion_queue_factory.obj
e:\job\project\repo\grpc\examples\cpp\helloworld\build\grpc\grpc.dir\debug\completion_queue.obj
e:\job\project\repo\grpc\examples\cpp\helloworld\build\grpc\grpc.dir\debug\channel_stack_type.obj
e:\job\project\repo\grpc\examples\cpp\helloworld\build\grpc\grpc.dir\debug\channel_ping.obj
e:\job\project\repo\grpc\examples\cpp\helloworld\build\grpc\grpc.dir\debug\channel_init.obj
e:\job\project\repo\grpc\examples\cpp\helloworld\build\grpc\grpc.dir\debug\channel.obj
e:\job\project\repo\grpc\examples\cpp\helloworld\build\grpc\grpc.dir\debug\call_log_batch.obj
e:\job\project\repo\grpc\examples\cpp\helloworld\build\grpc\grpc.dir\debug\call_details.obj
e:\job\project\repo\grpc\examples\cpp\helloworld\build\grpc\grpc.dir\debug\call.obj
e:\job\project\repo\grpc\examples\cpp\helloworld\build\grpc\grpc.dir\debug\byte_buffer_reader.obj
e:\job\project\repo\grpc\examples\cpp\helloworld\build\grpc\grpc.dir\debug\byte_buffer.obj
e:\job\project\repo\grpc\examples\cpp\helloworld\build\grpc\grpc.dir\debug\api_trace.obj
e:\job\project\repo\grpc\examples\cpp\helloworld\build\grpc\grpc.dir\debug\slice_string_helpers.obj
e:\job\project\repo\grpc\examples\cpp\helloworld\build\grpc\grpc.dir\debug\slice_intern.obj
e:\job\project\repo\grpc\examples\cpp\helloworld\build\grpc\grpc.dir\debug\slice_buffer.obj
e:\job\project\repo\grpc\examples\cpp\helloworld\build\grpc\grpc.dir\debug\slice.obj
e:\job\project\repo\grpc\examples\cpp\helloworld\build\grpc\grpc.dir\debug\percent_encoding.obj
e:\job\project\repo\grpc\examples\cpp\helloworld\build\grpc\grpc.dir\debug\b64.obj
e:\job\project\repo\grpc\examples\cpp\helloworld\build\grpc\grpc.dir\debug\json_writer.obj
e:\job\project\repo\grpc\examples\cpp\helloworld\build\grpc\grpc.dir\debug\trace.obj
e:\job\project\repo\grpc\examples\cpp\helloworld\build\grpc\grpc.dir\debug\uri_parser.obj
e:\job\project\repo\grpc\examples\cpp\helloworld\build\grpc\grpc.dir\debug\transport_op_string.obj
e:\job\project\repo\grpc\examples\cpp\helloworld\build\grpc\grpc.dir\debug\transport.obj
e:\job\project\repo\grpc\examples\cpp\helloworld\build\grpc\grpc.dir\debug\timeout_encoding.obj
e:\job\project\repo\grpc\examples\cpp\helloworld\build\grpc\grpc.dir\debug\status_metadata.obj
e:\job\project\repo\grpc\examples\cpp\helloworld\build\grpc\grpc.dir\debug\status_conversion.obj
e:\job\project\repo\grpc\examples\cpp\helloworld\build\grpc\grpc.dir\debug\static_metadata.obj
e:\job\project\repo\grpc\examples\cpp\helloworld\build\grpc\grpc.dir\debug\pid_controller.obj
e:\job\project\repo\grpc\examples\cpp\helloworld\build\grpc\grpc.dir\debug\metadata_batch.obj
e:\job\project\repo\grpc\examples\cpp\helloworld\build\grpc\grpc.dir\debug\metadata.obj
e:\job\project\repo\grpc\examples\cpp\helloworld\build\grpc\grpc.dir\debug\error_utils.obj
e:\job\project\repo\grpc\examples\cpp\helloworld\build\grpc\grpc.dir\debug\connectivity_state.obj
e:\job\project\repo\grpc\examples\cpp\helloworld\build\grpc\grpc.dir\debug\byte_stream.obj
e:\job\project\repo\grpc\examples\cpp\helloworld\build\grpc\grpc.dir\debug\bdp_estimator.obj
e:\job\project\repo\grpc\examples\cpp\helloworld\build\grpc\grpc.dir\debug\version.obj
e:\job\project\repo\grpc\examples\cpp\helloworld\build\grpc\grpc.dir\debug\validate_metadata.obj
e:\job\project\repo\grpc\examples\cpp\helloworld\build\grpc\grpc.dir\debug\server.obj
e:\job\project\repo\grpc\examples\cpp\helloworld\build\grpc\grpc.dir\debug\metadata_array.obj
e:\job\project\repo\grpc\examples\cpp\helloworld\build\grpc\grpc.dir\debug\lame_client.obj
e:\job\project\repo\grpc\examples\cpp\helloworld\build\grpc\grpc.dir\debug\parsing.obj
e:\job\project\repo\grpc\examples\cpp\helloworld\build\grpc\grpc.dir\debug\incoming_metadata.obj
e:\job\project\repo\grpc\examples\cpp\helloworld\build\grpc\grpc.dir\debug\huffsyms.obj
e:\job\project\repo\grpc\examples\cpp\helloworld\build\grpc\grpc.dir\debug\http2_settings.obj
e:\job\project\repo\grpc\examples\cpp\helloworld\build\grpc\grpc.dir\debug\hpack_table.obj
e:\job\project\repo\grpc\examples\cpp\helloworld\build\grpc\grpc.dir\debug\hpack_parser.obj
e:\job\project\repo\grpc\examples\cpp\helloworld\build\grpc\grpc.dir\debug\hpack_encoder.obj
e:\job\project\repo\grpc\examples\cpp\helloworld\build\grpc\grpc.dir\debug\frame_window_update.obj
e:\job\project\repo\grpc\examples\cpp\helloworld\build\grpc\grpc.dir\debug\frame_settings.obj
e:\job\project\repo\grpc\examples\cpp\helloworld\build\grpc\grpc.dir\debug\frame_rst_stream.obj
e:\job\project\repo\grpc\examples\cpp\helloworld\build\grpc\grpc.dir\debug\frame_ping.obj
e:\job\project\repo\grpc\examples\cpp\helloworld\build\grpc\grpc.dir\debug\frame_goaway.obj
e:\job\project\repo\grpc\examples\cpp\helloworld\build\grpc\grpc.dir\debug\frame_data.obj
e:\job\project\repo\grpc\examples\cpp\helloworld\build\grpc\grpc.dir\debug\flow_control.obj
e:\job\project\repo\grpc\examples\cpp\helloworld\build\grpc\grpc.dir\debug\context_list.obj
e:\job\project\repo\grpc\examples\cpp\helloworld\build\grpc\grpc.dir\debug\chttp2_transport.obj
e:\job\project\repo\grpc\examples\cpp\helloworld\build\grpc\grpc.dir\debug\chttp2_plugin.obj
e:\job\project\repo\grpc\examples\cpp\helloworld\build\grpc\grpc.dir\debug\bin_encoder.obj
e:\job\project\repo\grpc\examples\cpp\helloworld\build\grpc\grpc.dir\debug\bin_decoder.obj
e:\job\project\repo\grpc\examples\cpp\helloworld\build\grpc\grpc.dir\debug\server_secure_chttp2.obj
e:\job\project\repo\grpc\examples\cpp\helloworld\build\grpc\grpc.dir\debug\json_token.obj
e:\job\project\repo\grpc\examples\cpp\helloworld\build\grpc\grpc.dir\debug\iam_credentials.obj
e:\job\project\repo\grpc\examples\cpp\helloworld\build\grpc\grpc.dir\debug\google_default_credentials.obj
e:\job\project\repo\grpc\examples\cpp\helloworld\build\grpc\grpc.dir\debug\credentials_generic.obj
e:\job\project\repo\grpc\examples\cpp\helloworld\build\grpc\grpc.dir\debug\fake_credentials.obj
e:\job\project\repo\grpc\examples\cpp\helloworld\build\grpc\grpc.dir\debug\credentials_metadata.obj
e:\job\project\repo\grpc\examples\cpp\helloworld\build\grpc\grpc.dir\debug\credentials.obj
e:\job\project\repo\grpc\examples\cpp\helloworld\build\grpc\grpc.dir\debug\composite_credentials.obj
e:\job\project\repo\grpc\examples\cpp\helloworld\build\grpc\grpc.dir\debug\alts_credentials.obj
e:\job\project\repo\grpc\examples\cpp\helloworld\build\grpc\grpc.dir\debug\security_context.obj
e:\job\project\repo\grpc\examples\cpp\helloworld\build\grpc\grpc.dir\debug\httpcli_security_connector.obj
e:\job\project\repo\grpc\examples\cpp\helloworld\build\grpc\grpc.dir\debug\http_server_filter.obj
e:\job\project\repo\grpc\examples\cpp\helloworld\build\grpc\grpc.dir\debug\message_compress_filter.obj
e:\job\project\repo\grpc\examples\cpp\helloworld\build\grpc\grpc.dir\debug\http_filters_plugin.obj
e:\job\project\repo\grpc\examples\cpp\helloworld\build\grpc\grpc.dir\debug\http_client_filter.obj
e:\job\project\repo\grpc\examples\cpp\helloworld\build\grpc\grpc.dir\debug\alpn.obj
e:\job\project\repo\grpc\examples\cpp\helloworld\build\grpc\grpc.dir\debug\writing.obj
e:\job\project\repo\grpc\examples\cpp\helloworld\build\grpc\grpc.dir\debug\varint.obj
e:\job\project\repo\grpc\examples\cpp\helloworld\build\grpc\grpc.dir\debug\stream_map.obj
e:\job\project\repo\grpc\examples\cpp\helloworld\build\grpc\grpc.dir\debug\stream_lists.obj
e:\job\project\repo\grpc\examples\cpp\helloworld\build\grpc\grpc.dir\debug\secure_endpoint.obj
e:\job\project\repo\grpc\examples\cpp\helloworld\build\grpc\grpc.dir\debug\client_auth_filter.obj
e:\job\project\repo\grpc\examples\cpp\helloworld\build\grpc\grpc.dir\debug\tls_security_connector.obj
e:\job\project\repo\grpc\examples\cpp\helloworld\build\grpc\grpc.dir\debug\ssl_utils_config.obj
e:\job\project\repo\grpc\examples\cpp\helloworld\build\grpc\grpc.dir\debug\ssl_utils.obj
e:\job\project\repo\grpc\examples\cpp\helloworld\build\grpc\grpc.dir\debug\ssl_security_connector.obj
e:\job\project\repo\grpc\examples\cpp\helloworld\build\grpc\grpc.dir\debug\security_connector.obj
e:\job\project\repo\grpc\examples\cpp\helloworld\build\grpc\grpc.dir\debug\local_security_connector.obj
e:\job\project\repo\grpc\examples\cpp\helloworld\build\grpc\grpc.dir\debug\load_system_roots_linux.obj
e:\job\project\repo\grpc\examples\cpp\helloworld\build\grpc\grpc.dir\debug\load_system_roots_fallback.obj
e:\job\project\repo\grpc\examples\cpp\helloworld\build\grpc\grpc.dir\debug\fake_security_connector.obj
e:\job\project\repo\grpc\examples\cpp\helloworld\build\grpc\grpc.dir\debug\alts_security_connector.obj
e:\job\project\repo\grpc\examples\cpp\helloworld\build\grpc\grpc.dir\debug\tls_credentials.obj
e:\job\project\repo\grpc\examples\cpp\helloworld\build\grpc\grpc.dir\debug\grpc_tls_credentials_options.obj
e:\job\project\repo\grpc\examples\cpp\helloworld\build\grpc\grpc.dir\debug\ssl_credentials.obj
e:\job\project\repo\grpc\examples\cpp\helloworld\build\grpc\grpc.dir\debug\plugin_credentials.obj
e:\job\project\repo\grpc\examples\cpp\helloworld\build\grpc\grpc.dir\debug\oauth2_credentials.obj
e:\job\project\repo\grpc\examples\cpp\helloworld\build\grpc\grpc.dir\debug\local_credentials.obj
e:\job\project\repo\grpc\examples\cpp\helloworld\build\grpc\grpc.dir\debug\jwt_verifier.obj
e:\job\project\repo\grpc\examples\cpp\helloworld\build\grpc\grpc.dir\debug\jwt_credentials.obj
e:\job\project\repo\grpc\examples\cpp\helloworld\build\grpc\grpc.dir\debug\alts_grpc_privacy_integrity_record_protocol.obj
e:\job\project\repo\grpc\examples\cpp\helloworld\build\grpc\grpc.dir\debug\alts_grpc_integrity_only_record_protocol.obj
e:\job\project\repo\grpc\examples\cpp\helloworld\build\grpc\grpc.dir\debug\alts_tsi_handshaker.obj
e:\job\project\repo\grpc\examples\cpp\helloworld\build\grpc\grpc.dir\debug\alts_shared_resource.obj
e:\job\project\repo\grpc\examples\cpp\helloworld\build\grpc\grpc.dir\debug\alts_handshaker_client.obj
e:\job\project\repo\grpc\examples\cpp\helloworld\build\grpc\grpc.dir\debug\frame_handler.obj
e:\job\project\repo\grpc\examples\cpp\helloworld\build\grpc\grpc.dir\debug\alts_unseal_privacy_integrity_crypter.obj
e:\job\project\repo\grpc\examples\cpp\helloworld\build\grpc\grpc.dir\debug\alts_seal_privacy_integrity_crypter.obj
e:\job\project\repo\grpc\examples\cpp\helloworld\build\grpc\grpc.dir\debug\alts_record_protocol_crypter_common.obj
e:\job\project\repo\grpc\examples\cpp\helloworld\build\grpc\grpc.dir\debug\alts_frame_protector.obj
e:\job\project\repo\grpc\examples\cpp\helloworld\build\grpc\grpc.dir\debug\alts_crypter.obj
e:\job\project\repo\grpc\examples\cpp\helloworld\build\grpc\grpc.dir\debug\alts_counter.obj
e:\job\project\repo\grpc\examples\cpp\helloworld\build\grpc\grpc.dir\debug\gsec.obj
e:\job\project\repo\grpc\examples\cpp\helloworld\build\grpc\grpc.dir\debug\aes_gcm.obj
e:\job\project\repo\grpc\examples\cpp\helloworld\build\grpc\grpc.dir\debug\init_secure.obj
e:\job\project\repo\grpc\examples\cpp\helloworld\build\grpc\grpc.dir\debug\json_util.obj
e:\job\project\repo\grpc\examples\cpp\helloworld\build\grpc\grpc.dir\debug\tsi_error.obj
e:\job\project\repo\grpc\examples\cpp\helloworld\build\grpc\grpc.dir\debug\target_authority_table.obj
e:\job\project\repo\grpc\examples\cpp\helloworld\build\grpc\grpc.dir\debug\server_auth_filter.obj
e:\job\project\repo\grpc\examples\cpp\helloworld\build\grpc\grpc.dir\debug\security_handshaker.obj
e:\job\project\repo\grpc\examples\cpp\helloworld\build\grpc\grpc.dir\debug\channel_connectivity.obj
e:\job\project\repo\grpc\examples\cpp\helloworld\build\grpc\grpc.dir\debug\backup_poller.obj
e:\job\project\repo\grpc\examples\cpp\helloworld\build\grpc\grpc.dir\debug\backend_metric.obj
e:\job\project\repo\grpc\examples\cpp\helloworld\build\grpc\grpc.dir\debug\chttp2_connector.obj
e:\job\project\repo\grpc\examples\cpp\helloworld\build\grpc\grpc.dir\debug\authority.obj
e:\job\project\repo\grpc\examples\cpp\helloworld\build\grpc\grpc.dir\debug\channel_create_posix.obj
e:\job\project\repo\grpc\examples\cpp\helloworld\build\grpc\grpc.dir\debug\channel_create.obj
e:\job\project\repo\grpc\examples\cpp\helloworld\build\grpc\grpc.dir\debug\transport_security.obj
e:\job\project\repo\grpc\examples\cpp\helloworld\build\grpc\grpc.dir\debug\transport_security_common_api.obj
e:\job\project\repo\grpc\examples\cpp\helloworld\build\grpc\grpc.dir\debug\alts_tsi_utils.obj
e:\job\project\repo\grpc\examples\cpp\helloworld\build\grpc\grpc.dir\debug\grpc_alts_credentials_server_options.obj
e:\job\project\repo\grpc\examples\cpp\helloworld\build\grpc\grpc.dir\debug\grpc_alts_credentials_options.obj
e:\job\project\repo\grpc\examples\cpp\helloworld\build\grpc\grpc.dir\debug\grpc_alts_credentials_client_options.obj
e:\job\project\repo\grpc\examples\cpp\helloworld\build\grpc\grpc.dir\debug\check_gcp_environment_windows.obj
e:\job\project\repo\grpc\examples\cpp\helloworld\build\grpc\grpc.dir\debug\check_gcp_environment_no_op.obj
e:\job\project\repo\grpc\examples\cpp\helloworld\build\grpc\grpc.dir\debug\check_gcp_environment_linux.obj
e:\job\project\repo\grpc\examples\cpp\helloworld\build\grpc\grpc.dir\debug\check_gcp_environment.obj
e:\job\project\repo\grpc\examples\cpp\helloworld\build\grpc\grpc.dir\debug\alts_zero_copy_grpc_protector.obj
e:\job\project\repo\grpc\examples\cpp\helloworld\build\grpc\grpc.dir\debug\alts_iovec_record_protocol.obj
e:\job\project\repo\grpc\examples\cpp\helloworld\build\grpc\grpc.dir\debug\alts_grpc_record_protocol_common.obj
e:\job\project\repo\grpc\examples\cpp\helloworld\build\grpc\grpc.dir\debug\server_address.obj
e:\job\project\repo\grpc\examples\cpp\helloworld\build\grpc\grpc.dir\debug\retry_throttle.obj
e:\job\project\repo\grpc\examples\cpp\helloworld\build\grpc\grpc.dir\debug\resolving_lb_policy.obj
e:\job\project\repo\grpc\examples\cpp\helloworld\build\grpc\grpc.dir\debug\resolver_result_parsing.obj
e:\job\project\repo\grpc\examples\cpp\helloworld\build\grpc\grpc.dir\debug\resolver_registry.obj
e:\job\project\repo\grpc\examples\cpp\helloworld\build\grpc\grpc.dir\debug\resolver.obj
e:\job\project\repo\grpc\examples\cpp\helloworld\build\grpc\grpc.dir\debug\proxy_mapper_registry.obj
e:\job\project\repo\grpc\examples\cpp\helloworld\build\grpc\grpc.dir\debug\parse_address.obj
e:\job\project\repo\grpc\examples\cpp\helloworld\build\grpc\grpc.dir\debug\local_subchannel_pool.obj
e:\job\project\repo\grpc\examples\cpp\helloworld\build\grpc\grpc.dir\debug\lb_policy_registry.obj
e:\job\project\repo\grpc\examples\cpp\helloworld\build\grpc\grpc.dir\debug\child_policy_handler.obj
e:\job\project\repo\grpc\examples\cpp\helloworld\build\grpc\grpc.dir\debug\lb_policy.obj
e:\job\project\repo\grpc\examples\cpp\helloworld\build\grpc\grpc.dir\debug\http_proxy.obj
e:\job\project\repo\grpc\examples\cpp\helloworld\build\grpc\grpc.dir\debug\http_connect_handshaker.obj
e:\job\project\repo\grpc\examples\cpp\helloworld\build\grpc\grpc.dir\debug\health_check_client.obj
e:\job\project\repo\grpc\examples\cpp\helloworld\build\grpc\grpc.dir\debug\global_subchannel_pool.obj
e:\job\project\repo\grpc\examples\cpp\helloworld\build\grpc\grpc.dir\debug\client_channel_plugin.obj
e:\job\project\repo\grpc\examples\cpp\helloworld\build\grpc\grpc.dir\debug\client_channel_factory.obj
e:\job\project\repo\grpc\examples\cpp\helloworld\build\grpc\grpc.dir\debug\client_channel_channelz.obj
e:\job\project\repo\grpc\examples\cpp\helloworld\build\grpc\grpc.dir\debug\client_channel.obj
e:\job\project\repo\grpc\examples\cpp\helloworld\build\grpc\grpc.dir\debug\inproc_transport.obj
e:\job\project\repo\grpc\examples\cpp\helloworld\build\grpc\grpc.dir\debug\inproc_plugin.obj
e:\job\project\repo\grpc\examples\cpp\helloworld\build\grpc\grpc.dir\debug\server_chttp2_posix.obj
e:\job\project\repo\grpc\examples\cpp\helloworld\build\grpc\grpc.dir\debug\server_chttp2.obj
e:\job\project\repo\grpc\examples\cpp\helloworld\build\grpc\grpc.dir\debug\secure_channel_create.obj
e:\job\project\repo\grpc\examples\cpp\helloworld\build\grpc\grpc.dir\debug\server_diffproc.obj
e:\job\project\repo\grpc\examples\cpp\helloworld\build\grpc\grpc.dir\debug\diffproc_transport.obj
e:\job\project\repo\grpc\examples\cpp\helloworld\build\grpc\grpc.dir\debug\diffproc_server.obj
e:\job\project\repo\grpc\examples\cpp\helloworld\build\grpc\grpc.dir\debug\chttp2_server.obj
e:\job\project\repo\grpc\examples\cpp\helloworld\build\grpc\grpc.dir\debug\transport_security_grpc.obj
e:\job\project\repo\grpc\examples\cpp\helloworld\build\grpc\grpc.dir\debug\ssl_transport_security.obj
e:\job\project\repo\grpc\examples\cpp\helloworld\build\grpc\grpc.dir\debug\ssl_session_openssl.obj
e:\job\project\repo\grpc\examples\cpp\helloworld\build\grpc\grpc.dir\debug\ssl_session_cache.obj
e:\job\project\repo\grpc\examples\cpp\helloworld\build\grpc\grpc.dir\debug\ssl_session_boringssl.obj
e:\job\project\repo\grpc\examples\cpp\helloworld\build\grpc\grpc.dir\debug\local_transport_security.obj
e:\job\project\repo\grpc\examples\cpp\helloworld\build\grpc\grpc.dir\debug\fake_transport_security.obj
e:\job\project\repo\grpc\examples\cpp\helloworld\build\grpc\grpc.dir\debug\deadline_filter.obj
e:\job\project\repo\grpc\examples\cpp\helloworld\build\grpc\grpc.dir\debug\subchannel_pool_interface.obj
e:\job\project\repo\grpc\examples\cpp\helloworld\build\grpc\grpc.dir\debug\subchannel.obj
e:\job\project\repo\grpc\examples\cpp\helloworld\build\grpc\grpc.dir\debug\service_config.obj
e:\job\project\repo\grpc\examples\cpp\helloworld\build\grpc\grpc.dir\debug\grpc_ares_ev_driver_windows.obj
e:\job\project\repo\grpc\examples\cpp\helloworld\build\grpc\grpc.dir\debug\grpc_ares_ev_driver_posix.obj
e:\job\project\repo\grpc\examples\cpp\helloworld\build\grpc\grpc.dir\debug\grpc_ares_ev_driver_libuv.obj
e:\job\project\repo\grpc\examples\cpp\helloworld\build\grpc\grpc.dir\debug\grpc_ares_ev_driver.obj
e:\job\project\repo\grpc\examples\cpp\helloworld\build\grpc\grpc.dir\debug\dns_resolver_ares.obj
e:\job\project\repo\grpc\examples\cpp\helloworld\build\grpc\grpc.dir\debug\round_robin.obj
e:\job\project\repo\grpc\examples\cpp\helloworld\build\grpc\grpc.dir\debug\pick_first.obj
e:\job\project\repo\grpc\examples\cpp\helloworld\build\grpc\grpc.dir\debug\xds.obj
e:\job\project\repo\grpc\examples\cpp\helloworld\build\grpc\grpc.dir\debug\xds_client_stats.obj
e:\job\project\repo\grpc\examples\cpp\helloworld\build\grpc\grpc.dir\debug\xds_client.obj
e:\job\project\repo\grpc\examples\cpp\helloworld\build\grpc\grpc.dir\debug\xds_channel_secure.obj
e:\job\project\repo\grpc\examples\cpp\helloworld\build\grpc\grpc.dir\debug\xds_bootstrap.obj
e:\job\project\repo\grpc\examples\cpp\helloworld\build\grpc\grpc.dir\debug\xds_api.obj
e:\job\project\repo\grpc\examples\cpp\helloworld\build\grpc\grpc.dir\debug\cds.obj
e:\job\project\repo\grpc\examples\cpp\helloworld\build\grpc\grpc.dir\debug\fake_resolver.obj
e:\job\project\repo\grpc\examples\cpp\helloworld\build\grpc\grpc.dir\debug\load_balancer_api.obj
e:\job\project\repo\grpc\examples\cpp\helloworld\build\grpc\grpc.dir\debug\grpclb_client_stats.obj
e:\job\project\repo\grpc\examples\cpp\helloworld\build\grpc\grpc.dir\debug\grpclb_channel_secure.obj
e:\job\project\repo\grpc\examples\cpp\helloworld\build\grpc\grpc.dir\debug\grpclb.obj
e:\job\project\repo\grpc\examples\cpp\helloworld\build\grpc\grpc.dir\debug\client_load_reporting_filter.obj
e:\job\project\repo\grpc\examples\cpp\helloworld\build\grpc\grpc.dir\debug\grpc_plugin_registry.obj
e:\job\project\repo\grpc\examples\cpp\helloworld\build\grpc\grpc.dir\debug\workaround_utils.obj
e:\job\project\repo\grpc\examples\cpp\helloworld\build\grpc\grpc.dir\debug\workaround_cronet_compression_filter.obj
e:\job\project\repo\grpc\examples\cpp\helloworld\build\grpc\grpc.dir\debug\client_authority_filter.obj
e:\job\project\repo\grpc\examples\cpp\helloworld\build\grpc\grpc.dir\debug\message_size_filter.obj
e:\job\project\repo\grpc\examples\cpp\helloworld\build\grpc\grpc.dir\debug\max_age_filter.obj
e:\job\project\repo\grpc\examples\cpp\helloworld\build\grpc\grpc.dir\debug\client_idle_filter.obj
e:\job\project\repo\grpc\examples\cpp\helloworld\build\grpc\grpc.dir\debug\grpc_context.obj
e:\job\project\repo\grpc\examples\cpp\helloworld\build\grpc\grpc.dir\debug\xds_resolver.obj
e:\job\project\repo\grpc\examples\cpp\helloworld\build\grpc\grpc.dir\debug\sockaddr_resolver.obj
e:\job\project\repo\grpc\examples\cpp\helloworld\build\grpc\grpc.dir\debug\dns_resolver.obj
e:\job\project\repo\grpc\examples\cpp\helloworld\build\grpc\grpc.dir\debug\dns_resolver_selection.obj
e:\job\project\repo\grpc\examples\cpp\helloworld\build\grpc\grpc.dir\debug\grpc_ares_wrapper_windows.obj
e:\job\project\repo\grpc\examples\cpp\helloworld\build\grpc\grpc.dir\debug\grpc_ares_wrapper_posix.obj
e:\job\project\repo\grpc\examples\cpp\helloworld\build\grpc\grpc.dir\debug\grpc_ares_wrapper_libuv.obj
e:\job\project\repo\grpc\examples\cpp\helloworld\build\grpc\grpc.dir\debug\grpc_ares_wrapper_fallback.obj
e:\job\project\repo\grpc\examples\cpp\helloworld\build\grpc\grpc.dir\debug\grpc_ares_wrapper.obj
e:\job\project\repo\grpc\examples\cpp\helloworld\build\grpc\grpc.dir\debug\cluster.upb.obj
e:\job\project\repo\grpc\examples\cpp\helloworld\build\grpc\grpc.dir\debug\cds.upb.obj
e:\job\project\repo\grpc\examples\cpp\helloworld\build\grpc\grpc.dir\debug\cert.upb.obj
e:\job\project\repo\grpc\examples\cpp\helloworld\build\grpc\grpc.dir\debug\load_balancer.upb.obj
e:\job\project\repo\grpc\examples\cpp\helloworld\build\grpc\grpc.dir\debug\status.upb.obj
e:\job\project\repo\grpc\examples\cpp\helloworld\build\grpc\grpc.dir\debug\wrappers.upb.obj
e:\job\project\repo\grpc\examples\cpp\helloworld\build\grpc\grpc.dir\debug\timestamp.upb.obj
e:\job\project\repo\grpc\examples\cpp\helloworld\build\grpc\grpc.dir\debug\struct.upb.obj
e:\job\project\repo\grpc\examples\cpp\helloworld\build\grpc\grpc.dir\debug\empty.upb.obj
e:\job\project\repo\grpc\examples\cpp\helloworld\build\grpc\grpc.dir\debug\duration.upb.obj
e:\job\project\repo\grpc\examples\cpp\helloworld\build\grpc\grpc.dir\debug\descriptor.upb.obj
e:\job\project\repo\grpc\examples\cpp\helloworld\build\grpc\grpc.dir\debug\any.upb.obj
e:\job\project\repo\grpc\examples\cpp\helloworld\build\grpc\grpc.dir\debug\annotations.upb.obj
e:\job\project\repo\grpc\examples\cpp\helloworld\build\grpc\grpc.dir\debug\validate.upb.obj
e:\job\project\repo\grpc\examples\cpp\helloworld\build\grpc\grpc.dir\debug\gogo.upb.obj
e:\job\project\repo\grpc\examples\cpp\helloworld\build\grpc\grpc.dir\debug\orca_load_report.upb.obj
e:\job\project\repo\grpc\examples\cpp\helloworld\build\grpc\grpc.dir\debug\health.upb.obj
e:\job\project\repo\grpc\examples\cpp\helloworld\build\grpc\grpc.dir\debug\transport_security_common.upb.obj
e:\job\project\repo\grpc\examples\cpp\helloworld\build\grpc\grpc.dir\debug\handshaker.upb.obj
e:\job\project\repo\grpc\examples\cpp\helloworld\build\grpc\grpc.dir\debug\altscontext.upb.obj
e:\job\project\repo\grpc\examples\cpp\helloworld\build\grpc\grpc.dir\debug\address.upb.obj
e:\job\project\repo\grpc\examples\cpp\helloworld\build\grpc\grpc.dir\debug\lrs.upb.obj
e:\job\project\repo\grpc\examples\cpp\helloworld\build\grpc\grpc.dir\debug\ads.upb.obj
e:\job\project\repo\grpc\examples\cpp\helloworld\build\grpc\grpc.dir\debug\api_listener.upb.obj
e:\job\project\repo\grpc\examples\cpp\helloworld\build\grpc\grpc.dir\debug\http_connection_manager.upb.obj
e:\job\project\repo\grpc\examples\cpp\helloworld\build\grpc\grpc.dir\debug\accesslog.upb.obj
e:\job\project\repo\grpc\examples\cpp\helloworld\build\grpc\grpc.dir\debug\srds.upb.obj
e:\job\project\repo\grpc\examples\cpp\helloworld\build\grpc\grpc.dir\debug\scoped_route.upb.obj
e:\job\project\repo\grpc\examples\cpp\helloworld\build\grpc\grpc.dir\debug\route_components.upb.obj
e:\job\project\repo\grpc\examples\cpp\helloworld\build\grpc\grpc.dir\debug\rds.upb.obj
e:\job\project\repo\grpc\examples\cpp\helloworld\build\grpc\grpc.dir\debug\udp_listener_config.upb.obj
e:\job\project\repo\grpc\examples\cpp\helloworld\build\grpc\grpc.dir\debug\listener_components.upb.obj
e:\job\project\repo\grpc\examples\cpp\helloworld\build\grpc\grpc.dir\debug\lds.upb.obj
e:\job\project\repo\grpc\examples\cpp\helloworld\build\grpc\grpc.dir\debug\load_report.upb.obj
e:\job\project\repo\grpc\examples\cpp\helloworld\build\grpc\grpc.dir\debug\endpoint_components.upb.obj
e:\job\project\repo\grpc\examples\cpp\helloworld\build\grpc\grpc.dir\debug\eds.upb.obj
e:\job\project\repo\grpc\examples\cpp\helloworld\build\grpc\grpc.dir\debug\discovery.upb.obj
e:\job\project\repo\grpc\examples\cpp\helloworld\build\grpc\grpc.dir\debug\outlier_detection.upb.obj
e:\job\project\repo\grpc\examples\cpp\helloworld\build\grpc\grpc.dir\debug\filter.upb.obj
e:\job\project\repo\grpc\examples\cpp\helloworld\build\grpc\grpc.dir\debug\circuit_breaker.upb.obj
e:\job\project\repo\grpc\examples\cpp\helloworld\build\grpc\grpc.dir\debug\sensitive.upb.obj
e:\job\project\repo\grpc\examples\cpp\helloworld\build\grpc\grpc.dir\debug\migrate.upb.obj
e:\job\project\repo\grpc\examples\cpp\helloworld\build\grpc\grpc.dir\debug\resource.upb.obj
e:\job\project\repo\grpc\examples\cpp\helloworld\build\grpc\grpc.dir\debug\deprecation.upb.obj
e:\job\project\repo\grpc\examples\cpp\helloworld\build\grpc\grpc.dir\debug\custom_tag.upb.obj
e:\job\project\repo\grpc\examples\cpp\helloworld\build\grpc\grpc.dir\debug\semantic_version.upb.obj
e:\job\project\repo\grpc\examples\cpp\helloworld\build\grpc\grpc.dir\debug\range.upb.obj
e:\job\project\repo\grpc\examples\cpp\helloworld\build\grpc\grpc.dir\debug\percent.upb.obj
e:\job\project\repo\grpc\examples\cpp\helloworld\build\grpc\grpc.dir\debug\metadata.upb.obj
e:\job\project\repo\grpc\examples\cpp\helloworld\build\grpc\grpc.dir\debug\string.upb.obj
e:\job\project\repo\grpc\examples\cpp\helloworld\build\grpc\grpc.dir\debug\regex.upb.obj
e:\job\project\repo\grpc\examples\cpp\helloworld\build\grpc\grpc.dir\debug\protocol.upb.obj
e:\job\project\repo\grpc\examples\cpp\helloworld\build\grpc\grpc.dir\debug\http_uri.upb.obj
e:\job\project\repo\grpc\examples\cpp\helloworld\build\grpc\grpc.dir\debug\health_check.upb.obj
e:\job\project\repo\grpc\examples\cpp\helloworld\build\grpc\grpc.dir\debug\grpc_service.upb.obj
e:\job\project\repo\grpc\examples\cpp\helloworld\build\grpc\grpc.dir\debug\config_source.upb.obj
e:\job\project\repo\grpc\examples\cpp\helloworld\build\grpc\grpc.dir\debug\base.upb.obj
e:\job\project\repo\grpc\examples\cpp\helloworld\build\grpc\grpc.dir\debug\src\core\ext\upb-generated\google\api\http.upb.c.obj
e:\job\project\repo\grpc\examples\cpp\helloworld\build\grpc\grpc.dir\debug\src\core\ext\upb-generated\envoy\api\v2\endpoint.upb.c.obj
e:\job\project\repo\grpc\examples\cpp\helloworld\build\grpc\grpc.dir\debug\src\core\ext\upb-generated\envoy\api\v2\endpoint\endpoint.upb.c.obj
e:\job\project\repo\grpc\examples\cpp\helloworld\build\grpc\grpc.dir\debug\src\core\ext\upb-generated\envoy\api\v2\listener.upb.c.obj
e:\job\project\repo\grpc\examples\cpp\helloworld\build\grpc\grpc.dir\debug\src\core\ext\upb-generated\envoy\api\v2\listener\listener.upb.c.obj
e:\job\project\repo\grpc\examples\cpp\helloworld\build\grpc\grpc.dir\debug\src\core\ext\upb-generated\envoy\api\v2\route.upb.c.obj
e:\job\project\repo\grpc\examples\cpp\helloworld\build\grpc\grpc.dir\debug\src\core\ext\upb-generated\envoy\api\v2\route\route.upb.c.obj
e:\job\project\repo\grpc\examples\cpp\helloworld\build\grpc\grpc.dir\debug\src\core\ext\upb-generated\envoy\type\http.upb.c.obj
e:\job\project\repo\grpc\examples\cpp\helloworld\build\grpc\cmakefiles\generate.stamp
e:\job\project\repo\grpc\examples\cpp\helloworld\build\grpc\grpc.dir\debug\vcpkg.applocal.log
e:\job\project\repo\grpc\examples\cpp\helloworld\build\grpc\debug\grpc.lib
e:\job\project\repo\grpc\examples\cpp\helloworld\build\grpc\grpc.dir\debug\grpc.tlog\cl.command.1.tlog
e:\job\project\repo\grpc\examples\cpp\helloworld\build\grpc\grpc.dir\debug\grpc.tlog\cl.read.1.tlog
e:\job\project\repo\grpc\examples\cpp\helloworld\build\grpc\grpc.dir\debug\grpc.tlog\cl.write.1.tlog
e:\job\project\repo\grpc\examples\cpp\helloworld\build\grpc\grpc.dir\debug\grpc.tlog\custombuild.command.1.tlog
e:\job\project\repo\grpc\examples\cpp\helloworld\build\grpc\grpc.dir\debug\grpc.tlog\custombuild.read.1.tlog
e:\job\project\repo\grpc\examples\cpp\helloworld\build\grpc\grpc.dir\debug\grpc.tlog\custombuild.write.1.tlog
e:\job\project\repo\grpc\examples\cpp\helloworld\build\grpc\grpc.dir\debug\grpc.tlog\grpc.write.1u.tlog
e:\job\project\repo\grpc\examples\cpp\helloworld\build\grpc\grpc.dir\debug\grpc.tlog\lib-link.write.1.tlog
e:\job\project\repo\grpc\examples\cpp\helloworld\build\grpc\grpc.dir\debug\grpc.tlog\lib.command.1.tlog
e:\job\project\repo\grpc\examples\cpp\helloworld\build\grpc\grpc.dir\debug\grpc.tlog\lib.read.1.tlog
