  helloworld.grpc.pb.cc
E:\Job\Project\repo1\grpc\include\grpcpp/impl/codegen/proto_utils.h(52,1): warning C4267: 'initializing': conversion from 'size_t' to 'int', possible loss of data
E:\Job\Project\repo1\grpc\include\grpcpp/impl/codegen/proto_utils.h(107): message : see reference to function template instantiation 'grpc::Status grpc::GenericSerialize<grpc::ProtoBufferWriter,T>(const grpc::protobuf::MessageLite &,grpc::ByteBuffer *,bool *)' being compiled
          with
          [
              T=helloworld::HelloReply
          ]
E:\Job\Project\repo1\grpc\include\grpcpp/impl/codegen/proto_utils.h(106): message : while compiling class template member function 'grpc::Status grpc::SerializationTraits<R,void>::Serialize(const grpc::protobuf::MessageLite &,grpc::ByteBuffer *,bool *)'
          with
          [
              R=helloworld::HelloReply
          ]
E:\Job\Project\repo1\grpc\include\grpcpp/impl/codegen/call_op_set.h(387): message : see reference to function template instantiation 'grpc::Status grpc::SerializationTraits<R,void>::Serialize(const grpc::protobuf::MessageLite &,grpc::ByteBuffer *,bool *)' being compiled
          with
          [
              R=helloworld::HelloReply
          ]
E:\Job\Project\repo1\grpc\include\grpcpp/impl/codegen/call_op_set.h(451): message : see reference to class template instantiation 'grpc::SerializationTraits<R,void>' being compiled
          with
          [
              R=helloworld::HelloReply
          ]
E:\Job\Project\repo1\grpc\include\grpcpp/impl/codegen/call_op_set.h(446): message : while compiling class template member function 'void grpc::internal::CallOpRecvMessage<R>::FinishOp(bool *)'
          with
          [
              R=helloworld::HelloReply
          ]
E:\Job\Project\repo1\grpc\include\grpcpp/impl/codegen/call_op_set.h(888): message : see reference to function template instantiation 'void grpc::internal::CallOpRecvMessage<R>::FinishOp(bool *)' being compiled
          with
          [
              R=helloworld::HelloReply
          ]
E:\Job\Project\repo1\grpc\include\grpcpp/impl/codegen/call_op_set.h(833): message : see reference to class template instantiation 'grpc::internal::CallOpRecvMessage<R>' being compiled
          with
          [
              R=helloworld::HelloReply
          ]
E:\Job\Project\repo1\grpc\include\grpcpp/impl/codegen/async_unary_call_impl.h(188): message : see reference to class template instantiation 'grpc::internal::CallOpSet<grpc::internal::CallOpSendInitialMetadata,grpc::internal::CallOpSendMessage,grpc::internal::CallOpClientSendClose,grpc::internal::CallOpRecvInitialMetadata,grpc::internal::CallOpRecvMessage<R>,grpc::internal::CallOpClientRecvStatus>' being compiled
          with
          [
              R=helloworld::HelloReply
          ]
E:\Job\Project\repo1\grpc\examples\cpp\helloworld\bin\helloworld.grpc.pb.h(130): message : see reference to class template instantiation 'grpc_impl::ClientAsyncResponseReader<helloworld::HelloReply>' being compiled
  helloworld.pb.cc
  greeter_async_server.cc
E:\Job\Project\repo1\grpc\include\grpcpp/impl/codegen/proto_utils.h(52,1): warning C4267: 'initializing': conversion from 'size_t' to 'int', possible loss of data
E:\Job\Project\repo1\grpc\include\grpcpp/impl/codegen/proto_utils.h(107): message : see reference to function template instantiation 'grpc::Status grpc::GenericSerialize<grpc::ProtoBufferWriter,T>(const grpc::protobuf::MessageLite &,grpc::ByteBuffer *,bool *)' being compiled
          with
          [
              T=helloworld::HelloReply
          ]
E:\Job\Project\repo1\grpc\include\grpcpp/impl/codegen/proto_utils.h(106): message : while compiling class template member function 'grpc::Status grpc::SerializationTraits<R,void>::Serialize(const grpc::protobuf::MessageLite &,grpc::ByteBuffer *,bool *)'
          with
          [
              R=helloworld::HelloReply
          ]
E:\Job\Project\repo1\grpc\include\grpcpp/impl/codegen/call_op_set.h(387): message : see reference to function template instantiation 'grpc::Status grpc::SerializationTraits<R,void>::Serialize(const grpc::protobuf::MessageLite &,grpc::ByteBuffer *,bool *)' being compiled
          with
          [
              R=helloworld::HelloReply
          ]
E:\Job\Project\repo1\grpc\include\grpcpp/impl/codegen/call_op_set.h(451): message : see reference to class template instantiation 'grpc::SerializationTraits<R,void>' being compiled
          with
          [
              R=helloworld::HelloReply
          ]
E:\Job\Project\repo1\grpc\include\grpcpp/impl/codegen/call_op_set.h(446): message : while compiling class template member function 'void grpc::internal::CallOpRecvMessage<R>::FinishOp(bool *)'
          with
          [
              R=helloworld::HelloReply
          ]
E:\Job\Project\repo1\grpc\include\grpcpp/impl/codegen/call_op_set.h(888): message : see reference to function template instantiation 'void grpc::internal::CallOpRecvMessage<R>::FinishOp(bool *)' being compiled
          with
          [
              R=helloworld::HelloReply
          ]
E:\Job\Project\repo1\grpc\include\grpcpp/impl/codegen/call_op_set.h(833): message : see reference to class template instantiation 'grpc::internal::CallOpRecvMessage<R>' being compiled
          with
          [
              R=helloworld::HelloReply
          ]
E:\Job\Project\repo1\grpc\include\grpcpp/impl/codegen/async_unary_call_impl.h(188): message : see reference to class template instantiation 'grpc::internal::CallOpSet<grpc::internal::CallOpSendInitialMetadata,grpc::internal::CallOpSendMessage,grpc::internal::CallOpClientSendClose,grpc::internal::CallOpRecvInitialMetadata,grpc::internal::CallOpRecvMessage<R>,grpc::internal::CallOpClientRecvStatus>' being compiled
          with
          [
              R=helloworld::HelloReply
          ]
E:\Job\Project\repo1\grpc\examples\cpp\helloworld\bin\helloworld.grpc.pb.h(130): message : see reference to class template instantiation 'grpc_impl::ClientAsyncResponseReader<helloworld::HelloReply>' being compiled
  Generating Code...
  greeter_async_server.vcxproj -> E:\Job\Project\repo1\grpc\examples\cpp\helloworld\bin\Debug\greeter_async_server.exe
