  Building Custom Rule E:/Job/Project/repo1/grpc/CMakeLists.txt
  alloc.cc
  atm.cc
  cpu_iphone.cc
  cpu_linux.cc
  cpu_posix.cc
  cpu_windows.cc
  env_linux.cc
  env_posix.cc
  env_windows.cc
  log.cc
  log_android.cc
  log_linux.cc
  log_posix.cc
  log_windows.cc
  murmur_hash.cc
  string.cc
  string_posix.cc
  string_util_windows.cc
  string_windows.cc
  sync.cc
  Generating Code...
  Compiling...
  sync_abseil.cc
  sync_posix.cc
  sync_windows.cc
  time.cc
  time_posix.cc
  time_precise.cc
  time_windows.cc
  tls_pthread.cc
  tmpfile_msys.cc
  tmpfile_posix.cc
  tmpfile_windows.cc
  wrap_memcpy.cc
  arena.cc
  fork.cc
  global_config_env.cc
  host_port.cc
  mpscq.cc
  thd_posix.cc
  thd_windows.cc
  basic_timers.cc
  Generating Code...
  Compiling...
  stap_timers.cc
  Generating Code...
  gpr.vcxproj -> E:\Job\Project\repo1\grpc\examples\cpp\helloworld\bin\grpc\Debug\gpr.lib
