e:\job\project\repo1\grpc\examples\cpp\helloworld\bin\debug\upb.pdb
e:\job\project\repo1\grpc\examples\cpp\helloworld\bin\grpc\upb.dir\debug\upb.obj
e:\job\project\repo1\grpc\examples\cpp\helloworld\bin\grpc\upb.dir\debug\table.obj
e:\job\project\repo1\grpc\examples\cpp\helloworld\bin\grpc\upb.dir\debug\port.obj
e:\job\project\repo1\grpc\examples\cpp\helloworld\bin\grpc\upb.dir\debug\msg.obj
e:\job\project\repo1\grpc\examples\cpp\helloworld\bin\grpc\upb.dir\debug\encode.obj
e:\job\project\repo1\grpc\examples\cpp\helloworld\bin\grpc\upb.dir\debug\decode.obj
e:\job\project\repo1\grpc\examples\cpp\helloworld\bin\grpc\cmakefiles\generate.stamp
e:\job\project\repo1\grpc\examples\cpp\helloworld\bin\grpc\debug\upb.lib
e:\job\project\repo1\grpc\examples\cpp\helloworld\bin\grpc\upb.dir\debug\vcpkg.applocal.log
e:\job\project\repo1\grpc\examples\cpp\helloworld\bin\grpc\upb.dir\debug\upb.tlog\cl.command.1.tlog
e:\job\project\repo1\grpc\examples\cpp\helloworld\bin\grpc\upb.dir\debug\upb.tlog\cl.read.1.tlog
e:\job\project\repo1\grpc\examples\cpp\helloworld\bin\grpc\upb.dir\debug\upb.tlog\cl.write.1.tlog
e:\job\project\repo1\grpc\examples\cpp\helloworld\bin\grpc\upb.dir\debug\upb.tlog\custombuild.command.1.tlog
e:\job\project\repo1\grpc\examples\cpp\helloworld\bin\grpc\upb.dir\debug\upb.tlog\custombuild.read.1.tlog
e:\job\project\repo1\grpc\examples\cpp\helloworld\bin\grpc\upb.dir\debug\upb.tlog\custombuild.write.1.tlog
e:\job\project\repo1\grpc\examples\cpp\helloworld\bin\grpc\upb.dir\debug\upb.tlog\lib-link.write.1.tlog
e:\job\project\repo1\grpc\examples\cpp\helloworld\bin\grpc\upb.dir\debug\upb.tlog\lib.command.1.tlog
e:\job\project\repo1\grpc\examples\cpp\helloworld\bin\grpc\upb.dir\debug\upb.tlog\lib.read.1.tlog
e:\job\project\repo1\grpc\examples\cpp\helloworld\bin\grpc\upb.dir\debug\upb.tlog\upb.write.1u.tlog
