e:\job\project\repo1\grpc\examples\cpp\helloworld\bin\debug\grpc++_reflection.pdb
e:\job\project\repo1\grpc\examples\cpp\helloworld\bin\grpc\grpc++_reflection.dir\debug\reflection.grpc.pb.obj
e:\job\project\repo1\grpc\examples\cpp\helloworld\bin\grpc\grpc++_reflection.dir\debug\reflection.pb.obj
e:\job\project\repo1\grpc\examples\cpp\helloworld\bin\grpc\grpc++_reflection.dir\debug\proto_server_reflection_plugin.obj
e:\job\project\repo1\grpc\examples\cpp\helloworld\bin\grpc\grpc++_reflection.dir\debug\proto_server_reflection.obj
e:\job\project\repo1\grpc\examples\cpp\helloworld\bin\gens\src\proto\grpc\reflection\v1alpha\reflection.grpc.pb.cc
e:\job\project\repo1\grpc\examples\cpp\helloworld\bin\gens\src\proto\grpc\reflection\v1alpha\reflection.grpc.pb.h
e:\job\project\repo1\grpc\examples\cpp\helloworld\bin\gens\src\proto\grpc\reflection\v1alpha\reflection_mock.grpc.pb.h
e:\job\project\repo1\grpc\examples\cpp\helloworld\bin\gens\src\proto\grpc\reflection\v1alpha\reflection.pb.cc
e:\job\project\repo1\grpc\examples\cpp\helloworld\bin\gens\src\proto\grpc\reflection\v1alpha\reflection.pb.h
e:\job\project\repo1\grpc\examples\cpp\helloworld\bin\grpc\cmakefiles\generate.stamp
e:\job\project\repo1\grpc\examples\cpp\helloworld\bin\grpc\grpc++_reflection.dir\debug\vcpkg.applocal.log
e:\job\project\repo1\grpc\examples\cpp\helloworld\bin\grpc\debug\grpc++_reflection.lib
e:\job\project\repo1\grpc\examples\cpp\helloworld\bin\grpc\grpc++_reflection.dir\debug\grpc++_r.64a36362.tlog\cl.command.1.tlog
e:\job\project\repo1\grpc\examples\cpp\helloworld\bin\grpc\grpc++_reflection.dir\debug\grpc++_r.64a36362.tlog\cl.read.1.tlog
e:\job\project\repo1\grpc\examples\cpp\helloworld\bin\grpc\grpc++_reflection.dir\debug\grpc++_r.64a36362.tlog\cl.write.1.tlog
e:\job\project\repo1\grpc\examples\cpp\helloworld\bin\grpc\grpc++_reflection.dir\debug\grpc++_r.64a36362.tlog\custombuild.command.1.tlog
e:\job\project\repo1\grpc\examples\cpp\helloworld\bin\grpc\grpc++_reflection.dir\debug\grpc++_r.64a36362.tlog\custombuild.read.1.tlog
e:\job\project\repo1\grpc\examples\cpp\helloworld\bin\grpc\grpc++_reflection.dir\debug\grpc++_r.64a36362.tlog\custombuild.write.1.tlog
e:\job\project\repo1\grpc\examples\cpp\helloworld\bin\grpc\grpc++_reflection.dir\debug\grpc++_r.64a36362.tlog\grpc++_reflection.write.1u.tlog
e:\job\project\repo1\grpc\examples\cpp\helloworld\bin\grpc\grpc++_reflection.dir\debug\grpc++_r.64a36362.tlog\lib-link.write.1.tlog
e:\job\project\repo1\grpc\examples\cpp\helloworld\bin\grpc\grpc++_reflection.dir\debug\grpc++_r.64a36362.tlog\lib.command.1.tlog
e:\job\project\repo1\grpc\examples\cpp\helloworld\bin\grpc\grpc++_reflection.dir\debug\grpc++_r.64a36362.tlog\lib.read.1.tlog
