e:\job\project\repo\grpc\examples\cpp\helloworld\build\debug\grpc_plugin_support.pdb
e:\job\project\repo\grpc\examples\cpp\helloworld\build\grpc\grpc_plugin_support.dir\debug\ruby_generator.obj
e:\job\project\repo\grpc\examples\cpp\helloworld\build\grpc\grpc_plugin_support.dir\debug\python_generator.obj
e:\job\project\repo\grpc\examples\cpp\helloworld\build\grpc\grpc_plugin_support.dir\debug\php_generator.obj
e:\job\project\repo\grpc\examples\cpp\helloworld\build\grpc\grpc_plugin_support.dir\debug\objective_c_generator.obj
e:\job\project\repo\grpc\examples\cpp\helloworld\build\grpc\grpc_plugin_support.dir\debug\node_generator.obj
e:\job\project\repo\grpc\examples\cpp\helloworld\build\grpc\grpc_plugin_support.dir\debug\csharp_generator.obj
e:\job\project\repo\grpc\examples\cpp\helloworld\build\grpc\grpc_plugin_support.dir\debug\cpp_generator.obj
e:\job\project\repo\grpc\examples\cpp\helloworld\build\grpc\cmakefiles\generate.stamp
e:\job\project\repo\grpc\examples\cpp\helloworld\build\grpc\grpc_plugin_support.dir\debug\vcpkg.applocal.log
e:\job\project\repo\grpc\examples\cpp\helloworld\build\grpc\debug\grpc_plugin_support.lib
e:\job\project\repo\grpc\examples\cpp\helloworld\build\grpc\grpc_plugin_support.dir\debug\grpc_plu.a1ff68c5.tlog\cl.command.1.tlog
e:\job\project\repo\grpc\examples\cpp\helloworld\build\grpc\grpc_plugin_support.dir\debug\grpc_plu.a1ff68c5.tlog\cl.read.1.tlog
e:\job\project\repo\grpc\examples\cpp\helloworld\build\grpc\grpc_plugin_support.dir\debug\grpc_plu.a1ff68c5.tlog\cl.write.1.tlog
e:\job\project\repo\grpc\examples\cpp\helloworld\build\grpc\grpc_plugin_support.dir\debug\grpc_plu.a1ff68c5.tlog\custombuild.command.1.tlog
e:\job\project\repo\grpc\examples\cpp\helloworld\build\grpc\grpc_plugin_support.dir\debug\grpc_plu.a1ff68c5.tlog\custombuild.read.1.tlog
e:\job\project\repo\grpc\examples\cpp\helloworld\build\grpc\grpc_plugin_support.dir\debug\grpc_plu.a1ff68c5.tlog\custombuild.write.1.tlog
e:\job\project\repo\grpc\examples\cpp\helloworld\build\grpc\grpc_plugin_support.dir\debug\grpc_plu.a1ff68c5.tlog\grpc_plugin_support.write.1u.tlog
e:\job\project\repo\grpc\examples\cpp\helloworld\build\grpc\grpc_plugin_support.dir\debug\grpc_plu.a1ff68c5.tlog\lib-link.write.1.tlog
e:\job\project\repo\grpc\examples\cpp\helloworld\build\grpc\grpc_plugin_support.dir\debug\grpc_plu.a1ff68c5.tlog\lib.command.1.tlog
e:\job\project\repo\grpc\examples\cpp\helloworld\build\grpc\grpc_plugin_support.dir\debug\grpc_plu.a1ff68c5.tlog\lib.read.1.tlog
