e:\job\project\repo\grpc\examples\cpp\helloworld\build\debug\gpr.pdb
e:\job\project\repo\grpc\examples\cpp\helloworld\build\grpc\gpr.dir\debug\sync.obj
e:\job\project\repo\grpc\examples\cpp\helloworld\build\grpc\gpr.dir\debug\string_windows.obj
e:\job\project\repo\grpc\examples\cpp\helloworld\build\grpc\gpr.dir\debug\string_util_windows.obj
e:\job\project\repo\grpc\examples\cpp\helloworld\build\grpc\gpr.dir\debug\string_posix.obj
e:\job\project\repo\grpc\examples\cpp\helloworld\build\grpc\gpr.dir\debug\string.obj
e:\job\project\repo\grpc\examples\cpp\helloworld\build\grpc\gpr.dir\debug\murmur_hash.obj
e:\job\project\repo\grpc\examples\cpp\helloworld\build\grpc\gpr.dir\debug\log_windows.obj
e:\job\project\repo\grpc\examples\cpp\helloworld\build\grpc\gpr.dir\debug\log_posix.obj
e:\job\project\repo\grpc\examples\cpp\helloworld\build\grpc\gpr.dir\debug\log_linux.obj
e:\job\project\repo\grpc\examples\cpp\helloworld\build\grpc\gpr.dir\debug\log_android.obj
e:\job\project\repo\grpc\examples\cpp\helloworld\build\grpc\gpr.dir\debug\log.obj
e:\job\project\repo\grpc\examples\cpp\helloworld\build\grpc\gpr.dir\debug\env_windows.obj
e:\job\project\repo\grpc\examples\cpp\helloworld\build\grpc\gpr.dir\debug\env_posix.obj
e:\job\project\repo\grpc\examples\cpp\helloworld\build\grpc\gpr.dir\debug\env_linux.obj
e:\job\project\repo\grpc\examples\cpp\helloworld\build\grpc\gpr.dir\debug\cpu_windows.obj
e:\job\project\repo\grpc\examples\cpp\helloworld\build\grpc\gpr.dir\debug\cpu_posix.obj
e:\job\project\repo\grpc\examples\cpp\helloworld\build\grpc\gpr.dir\debug\cpu_linux.obj
e:\job\project\repo\grpc\examples\cpp\helloworld\build\grpc\gpr.dir\debug\cpu_iphone.obj
e:\job\project\repo\grpc\examples\cpp\helloworld\build\grpc\gpr.dir\debug\atm.obj
e:\job\project\repo\grpc\examples\cpp\helloworld\build\grpc\gpr.dir\debug\alloc.obj
e:\job\project\repo\grpc\examples\cpp\helloworld\build\grpc\gpr.dir\debug\basic_timers.obj
e:\job\project\repo\grpc\examples\cpp\helloworld\build\grpc\gpr.dir\debug\thd_windows.obj
e:\job\project\repo\grpc\examples\cpp\helloworld\build\grpc\gpr.dir\debug\thd_posix.obj
e:\job\project\repo\grpc\examples\cpp\helloworld\build\grpc\gpr.dir\debug\mpscq.obj
e:\job\project\repo\grpc\examples\cpp\helloworld\build\grpc\gpr.dir\debug\host_port.obj
e:\job\project\repo\grpc\examples\cpp\helloworld\build\grpc\gpr.dir\debug\global_config_env.obj
e:\job\project\repo\grpc\examples\cpp\helloworld\build\grpc\gpr.dir\debug\fork.obj
e:\job\project\repo\grpc\examples\cpp\helloworld\build\grpc\gpr.dir\debug\arena.obj
e:\job\project\repo\grpc\examples\cpp\helloworld\build\grpc\gpr.dir\debug\wrap_memcpy.obj
e:\job\project\repo\grpc\examples\cpp\helloworld\build\grpc\gpr.dir\debug\tmpfile_windows.obj
e:\job\project\repo\grpc\examples\cpp\helloworld\build\grpc\gpr.dir\debug\tmpfile_posix.obj
e:\job\project\repo\grpc\examples\cpp\helloworld\build\grpc\gpr.dir\debug\tmpfile_msys.obj
e:\job\project\repo\grpc\examples\cpp\helloworld\build\grpc\gpr.dir\debug\tls_pthread.obj
e:\job\project\repo\grpc\examples\cpp\helloworld\build\grpc\gpr.dir\debug\time_windows.obj
e:\job\project\repo\grpc\examples\cpp\helloworld\build\grpc\gpr.dir\debug\time_precise.obj
e:\job\project\repo\grpc\examples\cpp\helloworld\build\grpc\gpr.dir\debug\time_posix.obj
e:\job\project\repo\grpc\examples\cpp\helloworld\build\grpc\gpr.dir\debug\time.obj
e:\job\project\repo\grpc\examples\cpp\helloworld\build\grpc\gpr.dir\debug\sync_windows.obj
e:\job\project\repo\grpc\examples\cpp\helloworld\build\grpc\gpr.dir\debug\sync_posix.obj
e:\job\project\repo\grpc\examples\cpp\helloworld\build\grpc\gpr.dir\debug\sync_abseil.obj
e:\job\project\repo\grpc\examples\cpp\helloworld\build\grpc\gpr.dir\debug\stap_timers.obj
e:\job\project\repo\grpc\examples\cpp\helloworld\build\grpc\cmakefiles\generate.stamp
e:\job\project\repo\grpc\examples\cpp\helloworld\build\grpc\gpr.dir\debug\vcpkg.applocal.log
e:\job\project\repo\grpc\examples\cpp\helloworld\build\grpc\debug\gpr.lib
e:\job\project\repo\grpc\examples\cpp\helloworld\build\grpc\gpr.dir\debug\gpr.tlog\cl.command.1.tlog
e:\job\project\repo\grpc\examples\cpp\helloworld\build\grpc\gpr.dir\debug\gpr.tlog\cl.read.1.tlog
e:\job\project\repo\grpc\examples\cpp\helloworld\build\grpc\gpr.dir\debug\gpr.tlog\cl.write.1.tlog
e:\job\project\repo\grpc\examples\cpp\helloworld\build\grpc\gpr.dir\debug\gpr.tlog\custombuild.command.1.tlog
e:\job\project\repo\grpc\examples\cpp\helloworld\build\grpc\gpr.dir\debug\gpr.tlog\custombuild.read.1.tlog
e:\job\project\repo\grpc\examples\cpp\helloworld\build\grpc\gpr.dir\debug\gpr.tlog\custombuild.write.1.tlog
e:\job\project\repo\grpc\examples\cpp\helloworld\build\grpc\gpr.dir\debug\gpr.tlog\gpr.write.1u.tlog
e:\job\project\repo\grpc\examples\cpp\helloworld\build\grpc\gpr.dir\debug\gpr.tlog\lib-link.write.1.tlog
e:\job\project\repo\grpc\examples\cpp\helloworld\build\grpc\gpr.dir\debug\gpr.tlog\lib.command.1.tlog
e:\job\project\repo\grpc\examples\cpp\helloworld\build\grpc\gpr.dir\debug\gpr.tlog\lib.read.1.tlog
